# JRE version: OpenJDK Runtime Environment Temurin-11.0.12+7 (11.0.12+7) (build 11.0.12+7)
# Java VM: OpenJDK 64-Bit Server VM Temurin-11.0.12+7 (11.0.12+7, mixed mode, tiered, compressed oops, parallel gc, windows-amd64)
Heap:
 PSYoungGen      total 23552K, used 1690K [0x00000000eab00000, 0x00000000ec680000, 0x0000000100000000)
  eden space 22016K, 1% used [0x00000000eab00000,0x00000000eab4d750,0x00000000ec080000)
  from space 1536K, 89% used [0x00000000ec500000,0x00000000ec659450,0x00000000ec680000)
  to   space 2560K, 0% used [0x00000000ec180000,0x00000000ec180000,0x00000000ec400000)
 ParOldGen       total 68608K, used 28952K [0x00000000c0000000, 0x00000000c4300000, 0x00000000eab00000)
  object space 68608K, 42% used [0x00000000c0000000,0x00000000c1c463a0,0x00000000c4300000)
 Metaspace       used 42395K, capacity 44843K, committed 45056K, reserved 1089536K
  class space    used 4157K, capacity 5043K, committed 5120K, reserved 1048576K
GC Heap History (20 events):
Event: 0.800 GC heap before
{Heap before GC invocations=4 (full 1):
 PSYoungGen      total 29696K, used 4080K [0x00000000eab00000, 0x00000000ecc00000, 0x0000000100000000)
  eden space 25600K, 0% used [0x00000000eab00000,0x00000000eab00000,0x00000000ec400000)
  from space 4096K, 99% used [0x00000000ec400000,0x00000000ec7fc120,0x00000000ec800000)
  to   space 4096K, 0% used [0x00000000ec800000,0x00000000ec800000,0x00000000ecc00000)
 ParOldGen       total 68608K, used 5637K [0x00000000c0000000, 0x00000000c4300000, 0x00000000eab00000)
  object space 68608K, 8% used [0x00000000c0000000,0x00000000c0581490,0x00000000c4300000)
 Metaspace       used 20183K, capacity 21091K, committed 21248K, reserved 1069056K
  class space    used 1872K, capacity 2193K, committed 2304K, reserved 1048576K
}
Event: 0.838 GC heap after
{Heap after GC invocations=4 (full 1):
 PSYoungGen      total 29696K, used 0K [0x00000000eab00000, 0x00000000ecc00000, 0x0000000100000000)
  eden space 25600K, 0% used [0x00000000eab00000,0x00000000eab00000,0x00000000ec400000)
  from space 4096K, 0% used [0x00000000ec400000,0x00000000ec400000,0x00000000ec800000)
  to   space 4096K, 0% used [0x00000000ec800000,0x00000000ec800000,0x00000000ecc00000)
 ParOldGen       total 68608K, used 9486K [0x00000000c0000000, 0x00000000c4300000, 0x00000000eab00000)
  object space 68608K, 13% used [0x00000000c0000000,0x00000000c0943ab8,0x00000000c4300000)
 Metaspace       used 20183K, capacity 21091K, committed 21248K, reserved 1069056K
  class space    used 1872K, capacity 2193K, committed 2304K, reserved 1048576K
}
Event: 1.056 GC heap before
{Heap before GC invocations=5 (full 1):
 PSYoungGen      total 29696K, used 25600K [0x00000000eab00000, 0x00000000ecc00000, 0x0000000100000000)
  eden space 25600K, 100% used [0x00000000eab00000,0x00000000ec400000,0x00000000ec400000)
  from space 4096K, 0% used [0x00000000ec400000,0x00000000ec400000,0x00000000ec800000)
  to   space 4096K, 0% used [0x00000000ec800000,0x00000000ec800000,0x00000000ecc00000)
 ParOldGen       total 68608K, used 9486K [0x00000000c0000000, 0x00000000c4300000, 0x00000000eab00000)
  object space 68608K, 13% used [0x00000000c0000000,0x00000000c0943ab8,0x00000000c4300000)
 Metaspace       used 26127K, capacity 27720K, committed 27904K, reserved 1075200K
  class space    used 2408K, capacity 2954K, committed 3072K, reserved 1048576K
}
Event: 1.057 GC heap after
{Heap after GC invocations=5 (full 1):
 PSYoungGen      total 29696K, used 2699K [0x00000000eab00000, 0x00000000ecc00000, 0x0000000100000000)
  eden space 25600K, 0% used [0x00000000eab00000,0x00000000eab00000,0x00000000ec400000)
  from space 4096K, 65% used [0x00000000ec800000,0x00000000ecaa2c80,0x00000000ecc00000)
  to   space 4096K, 0% used [0x00000000ec400000,0x00000000ec400000,0x00000000ec800000)
 ParOldGen       total 68608K, used 9502K [0x00000000c0000000, 0x00000000c4300000, 0x00000000eab00000)
  object space 68608K, 13% used [0x00000000c0000000,0x00000000c0947ad0,0x00000000c4300000)
 Metaspace       used 26127K, capacity 27720K, committed 27904K, reserved 1075200K
  class space    used 2408K, capacity 2954K, committed 3072K, reserved 1048576K
}
Event: 1.299 GC heap before
{Heap before GC invocations=6 (full 1):
 PSYoungGen      total 29696K, used 26187K [0x00000000eab00000, 0x00000000ecc00000, 0x0000000100000000)
  eden space 25600K, 91% used [0x00000000eab00000,0x00000000ec1f0320,0x00000000ec400000)
  from space 4096K, 65% used [0x00000000ec800000,0x00000000ecaa2c80,0x00000000ecc00000)
  to   space 4096K, 0% used [0x00000000ec400000,0x00000000ec400000,0x00000000ec800000)
 ParOldGen       total 68608K, used 9502K [0x00000000c0000000, 0x00000000c4300000, 0x00000000eab00000)
  object space 68608K, 13% used [0x00000000c0000000,0x00000000c0947ad0,0x00000000c4300000)
 Metaspace       used 33172K, capacity 35239K, committed 35328K, reserved 1081344K
  class space    used 3265K, capacity 4060K, committed 4096K, reserved 1048576K
}
Event: 1.301 GC heap after
{Heap after GC invocations=6 (full 1):
 PSYoungGen      total 29696K, used 4079K [0x00000000eab00000, 0x00000000ecf00000, 0x0000000100000000)
  eden space 25600K, 0% used [0x00000000eab00000,0x00000000eab00000,0x00000000ec400000)
  from space 4096K, 99% used [0x00000000ec400000,0x00000000ec7fbe48,0x00000000ec800000)
  to   space 5632K, 0% used [0x00000000ec980000,0x00000000ec980000,0x00000000ecf00000)
 ParOldGen       total 68608K, used 10558K [0x00000000c0000000, 0x00000000c4300000, 0x00000000eab00000)
  object space 68608K, 15% used [0x00000000c0000000,0x00000000c0a4fb00,0x00000000c4300000)
 Metaspace       used 33172K, capacity 35239K, committed 35328K, reserved 1081344K
  class space    used 3265K, capacity 4060K, committed 4096K, reserved 1048576K
}
Event: 1.301 GC heap before
{Heap before GC invocations=7 (full 2):
 PSYoungGen      total 29696K, used 4079K [0x00000000eab00000, 0x00000000ecf00000, 0x0000000100000000)
  eden space 25600K, 0% used [0x00000000eab00000,0x00000000eab00000,0x00000000ec400000)
  from space 4096K, 99% used [0x00000000ec400000,0x00000000ec7fbe48,0x00000000ec800000)
  to   space 5632K, 0% used [0x00000000ec980000,0x00000000ec980000,0x00000000ecf00000)
 ParOldGen       total 68608K, used 10558K [0x00000000c0000000, 0x00000000c4300000, 0x00000000eab00000)
  object space 68608K, 15% used [0x00000000c0000000,0x00000000c0a4fb00,0x00000000c4300000)
 Metaspace       used 33172K, capacity 35239K, committed 35328K, reserved 1081344K
  class space    used 3265K, capacity 4060K, committed 4096K, reserved 1048576K
}
Event: 1.347 GC heap after
{Heap after GC invocations=7 (full 2):
 PSYoungGen      total 29696K, used 0K [0x00000000eab00000, 0x00000000ecf00000, 0x0000000100000000)
  eden space 25600K, 0% used [0x00000000eab00000,0x00000000eab00000,0x00000000ec400000)
  from space 4096K, 0% used [0x00000000ec400000,0x00000000ec400000,0x00000000ec800000)
  to   space 5632K, 0% used [0x00000000ec980000,0x00000000ec980000,0x00000000ecf00000)
 ParOldGen       total 68608K, used 13211K [0x00000000c0000000, 0x00000000c4300000, 0x00000000eab00000)
  object space 68608K, 19% used [0x00000000c0000000,0x00000000c0ce6fe0,0x00000000c4300000)
 Metaspace       used 33172K, capacity 35239K, committed 35328K, reserved 1081344K
  class space    used 3265K, capacity 4060K, committed 4096K, reserved 1048576K
}
Event: 1.454 GC heap before
{Heap before GC invocations=8 (full 2):
 PSYoungGen      total 29696K, used 25600K [0x00000000eab00000, 0x00000000ecf00000, 0x0000000100000000)
  eden space 25600K, 100% used [0x00000000eab00000,0x00000000ec400000,0x00000000ec400000)
  from space 4096K, 0% used [0x00000000ec400000,0x00000000ec400000,0x00000000ec800000)
  to   space 5632K, 0% used [0x00000000ec980000,0x00000000ec980000,0x00000000ecf00000)
 ParOldGen       total 68608K, used 13211K [0x00000000c0000000, 0x00000000c4300000, 0x00000000eab00000)
  object space 68608K, 19% used [0x00000000c0000000,0x00000000c0ce6fe0,0x00000000c4300000)
 Metaspace       used 34960K, capacity 37161K, committed 37376K, reserved 1083392K
  class space    used 3450K, capacity 4250K, committed 4352K, reserved 1048576K
}
Event: 1.455 GC heap after
{Heap after GC invocations=8 (full 2):
 PSYoungGen      total 28672K, used 3203K [0x00000000eab00000, 0x00000000ecd00000, 0x0000000100000000)
  eden space 25088K, 0% used [0x00000000eab00000,0x00000000eab00000,0x00000000ec380000)
  from space 3584K, 89% used [0x00000000ec980000,0x00000000ecca0ea0,0x00000000ecd00000)
  to   space 4096K, 0% used [0x00000000ec500000,0x00000000ec500000,0x00000000ec900000)
 ParOldGen       total 68608K, used 13219K [0x00000000c0000000, 0x00000000c4300000, 0x00000000eab00000)
  object space 68608K, 19% used [0x00000000c0000000,0x00000000c0ce8fe0,0x00000000c4300000)
 Metaspace       used 34960K, capacity 37161K, committed 37376K, reserved 1083392K
  class space    used 3450K, capacity 4250K, committed 4352K, reserved 1048576K
}
Event: 1.518 GC heap before
{Heap before GC invocations=9 (full 2):
 PSYoungGen      total 28672K, used 28291K [0x00000000eab00000, 0x00000000ecd00000, 0x0000000100000000)
  eden space 25088K, 100% used [0x00000000eab00000,0x00000000ec380000,0x00000000ec380000)
  from space 3584K, 89% used [0x00000000ec980000,0x00000000ecca0ea0,0x00000000ecd00000)
  to   space 4096K, 0% used [0x00000000ec500000,0x00000000ec500000,0x00000000ec900000)
 ParOldGen       total 68608K, used 13219K [0x00000000c0000000, 0x00000000c4300000, 0x00000000eab00000)
  object space 68608K, 19% used [0x00000000c0000000,0x00000000c0ce8fe0,0x00000000c4300000)
 Metaspace       used 35064K, capacity 37290K, committed 37632K, reserved 1083392K
  class space    used 3455K, capacity 4250K, committed 4352K, reserved 1048576K
}
Event: 1.521 GC heap after
{Heap after GC invocations=9 (full 2):
 PSYoungGen      total 28672K, used 4067K [0x00000000eab00000, 0x00000000ece00000, 0x0000000100000000)
  eden space 24576K, 0% used [0x00000000eab00000,0x00000000eab00000,0x00000000ec300000)
  from space 4096K, 99% used [0x00000000ec500000,0x00000000ec8f8ea0,0x00000000ec900000)
  to   space 5120K, 0% used [0x00000000ec900000,0x00000000ec900000,0x00000000ece00000)
 ParOldGen       total 68608K, used 14339K [0x00000000c0000000, 0x00000000c4300000, 0x00000000eab00000)
  object space 68608K, 20% used [0x00000000c0000000,0x00000000c0e00fe0,0x00000000c4300000)
 Metaspace       used 35064K, capacity 37290K, committed 37632K, reserved 1083392K
  class space    used 3455K, capacity 4250K, committed 4352K, reserved 1048576K
}
Event: 1.579 GC heap before
{Heap before GC invocations=10 (full 2):
 PSYoungGen      total 28672K, used 28643K [0x00000000eab00000, 0x00000000ece00000, 0x0000000100000000)
  eden space 24576K, 100% used [0x00000000eab00000,0x00000000ec300000,0x00000000ec300000)
  from space 4096K, 99% used [0x00000000ec500000,0x00000000ec8f8ea0,0x00000000ec900000)
  to   space 5120K, 0% used [0x00000000ec900000,0x00000000ec900000,0x00000000ece00000)
 ParOldGen       total 68608K, used 14339K [0x00000000c0000000, 0x00000000c4300000, 0x00000000eab00000)
  object space 68608K, 20% used [0x00000000c0000000,0x00000000c0e00fe0,0x00000000c4300000)
 Metaspace       used 35156K, capacity 37386K, committed 37632K, reserved 1083392K
  class space    used 3459K, capacity 4282K, committed 4352K, reserved 1048576K
}
Event: 1.582 GC heap after
{Heap after GC invocations=10 (full 2):
 PSYoungGen      total 28672K, used 5107K [0x00000000eab00000, 0x00000000ed080000, 0x0000000100000000)
  eden space 23552K, 0% used [0x00000000eab00000,0x00000000eab00000,0x00000000ec200000)
  from space 5120K, 99% used [0x00000000ec900000,0x00000000ecdfce90,0x00000000ece00000)
  to   space 7168K, 0% used [0x00000000ec200000,0x00000000ec200000,0x00000000ec900000)
 ParOldGen       total 68608K, used 15618K [0x00000000c0000000, 0x00000000c4300000, 0x00000000eab00000)
  object space 68608K, 22% used [0x00000000c0000000,0x00000000c0f40b50,0x00000000c4300000)
 Metaspace       used 35156K, capacity 37386K, committed 37632K, reserved 1083392K
  class space    used 3459K, capacity 4282K, committed 4352K, reserved 1048576K
}
Event: 1.627 GC heap before
{Heap before GC invocations=11 (full 2):
 PSYoungGen      total 28672K, used 28659K [0x00000000eab00000, 0x00000000ed080000, 0x0000000100000000)
  eden space 23552K, 100% used [0x00000000eab00000,0x00000000ec200000,0x00000000ec200000)
  from space 5120K, 99% used [0x00000000ec900000,0x00000000ecdfce90,0x00000000ece00000)
  to   space 7168K, 0% used [0x00000000ec200000,0x00000000ec200000,0x00000000ec900000)
 ParOldGen       total 68608K, used 15618K [0x00000000c0000000, 0x00000000c4300000, 0x00000000eab00000)
  object space 68608K, 22% used [0x00000000c0000000,0x00000000c0f40b50,0x00000000c4300000)
 Metaspace       used 35174K, capacity 37450K, committed 37632K, reserved 1083392K
  class space    used 3461K, capacity 4282K, committed 4352K, reserved 1048576K
}
Event: 1.630 GC heap after
{Heap after GC invocations=11 (full 2):
 PSYoungGen      total 29184K, used 6016K [0x00000000eab00000, 0x00000000ece80000, 0x0000000100000000)
  eden space 23040K, 0% used [0x00000000eab00000,0x00000000eab00000,0x00000000ec180000)
  from space 6144K, 97% used [0x00000000ec200000,0x00000000ec7e0020,0x00000000ec800000)
  to   space 6656K, 0% used [0x00000000ec800000,0x00000000ec800000,0x00000000ece80000)
 ParOldGen       total 68608K, used 17732K [0x00000000c0000000, 0x00000000c4300000, 0x00000000eab00000)
  object space 68608K, 25% used [0x00000000c0000000,0x00000000c1151090,0x00000000c4300000)
 Metaspace       used 35174K, capacity 37450K, committed 37632K, reserved 1083392K
  class space    used 3461K, capacity 4282K, committed 4352K, reserved 1048576K
}
Event: 1.666 GC heap before
{Heap before GC invocations=12 (full 2):
 PSYoungGen      total 29184K, used 29056K [0x00000000eab00000, 0x00000000ece80000, 0x0000000100000000)
  eden space 23040K, 100% used [0x00000000eab00000,0x00000000ec180000,0x00000000ec180000)
  from space 6144K, 97% used [0x00000000ec200000,0x00000000ec7e0020,0x00000000ec800000)
  to   space 6656K, 0% used [0x00000000ec800000,0x00000000ec800000,0x00000000ece80000)
 ParOldGen       total 68608K, used 17732K [0x00000000c0000000, 0x00000000c4300000, 0x00000000eab00000)
  object space 68608K, 25% used [0x00000000c0000000,0x00000000c1151090,0x00000000c4300000)
 Metaspace       used 35174K, capacity 37450K, committed 37632K, reserved 1083392K
  class space    used 3461K, capacity 4282K, committed 4352K, reserved 1048576K
}
Event: 1.669 GC heap after
{Heap after GC invocations=12 (full 2):
 PSYoungGen      total 28160K, used 5472K [0x00000000eab00000, 0x00000000ecd80000, 0x0000000100000000)
  eden space 22528K, 0% used [0x00000000eab00000,0x00000000eab00000,0x00000000ec100000)
  from space 5632K, 97% used [0x00000000ec800000,0x00000000ecd58020,0x00000000ecd80000)
  to   space 6144K, 0% used [0x00000000ec180000,0x00000000ec180000,0x00000000ec780000)
 ParOldGen       total 68608K, used 20668K [0x00000000c0000000, 0x00000000c4300000, 0x00000000eab00000)
  object space 68608K, 30% used [0x00000000c0000000,0x00000000c142f090,0x00000000c4300000)
 Metaspace       used 35174K, capacity 37450K, committed 37632K, reserved 1083392K
  class space    used 3461K, capacity 4282K, committed 4352K, reserved 1048576K
}
Event: 1.742 GC heap before
{Heap before GC invocations=13 (full 2):
 PSYoungGen      total 28160K, used 28000K [0x00000000eab00000, 0x00000000ecd80000, 0x0000000100000000)
  eden space 22528K, 100% used [0x00000000eab00000,0x00000000ec100000,0x00000000ec100000)
  from space 5632K, 97% used [0x00000000ec800000,0x00000000ecd58020,0x00000000ecd80000)
  to   space 6144K, 0% used [0x00000000ec180000,0x00000000ec180000,0x00000000ec780000)
 ParOldGen       total 68608K, used 20668K [0x00000000c0000000, 0x00000000c4300000, 0x00000000eab00000)
  object space 68608K, 30% used [0x00000000c0000000,0x00000000c142f090,0x00000000c4300000)
 Metaspace       used 36037K, capacity 38279K, committed 38400K, reserved 1083392K
  class space    used 3507K, capacity 4327K, committed 4352K, reserved 1048576K
}
Event: 1.746 GC heap after
{Heap after GC invocations=13 (full 2):
 PSYoungGen      total 25600K, used 3139K [0x00000000eab00000, 0x00000000ec880000, 0x0000000100000000)
  eden space 22016K, 0% used [0x00000000eab00000,0x00000000eab00000,0x00000000ec080000)
  from space 3584K, 87% used [0x00000000ec180000,0x00000000ec490dc0,0x00000000ec500000)
  to   space 3584K, 0% used [0x00000000ec500000,0x00000000ec500000,0x00000000ec880000)
 ParOldGen       total 68608K, used 26072K [0x00000000c0000000, 0x00000000c4300000, 0x00000000eab00000)
  object space 68608K, 38% used [0x00000000c0000000,0x00000000c19763a0,0x00000000c4300000)
 Metaspace       used 36037K, capacity 38279K, committed 38400K, reserved 1083392K
  class space    used 3507K, capacity 4327K, committed 4352K, reserved 1048576K
}

