# JRE version: OpenJDK Runtime Environment Temurin-11.0.12+7 (11.0.12+7) (build 11.0.12+7)
# Java VM: OpenJDK 64-Bit Server VM Temurin-11.0.12+7 (11.0.12+7, mixed mode, tiered, compressed oops, parallel gc, windows-amd64)
Heap:
 PSYoungGen      total 27648K, used 15939K [0x00000000eab00000, 0x00000000ecf80000, 0x0000000100000000)
  eden space 23040K, 69% used [0x00000000eab00000,0x00000000eba90d08,0x00000000ec180000)
  from space 4608K, 0% used [0x00000000ecb00000,0x00000000ecb00000,0x00000000ecf80000)
  to   space 5632K, 0% used [0x00000000ec480000,0x00000000ec480000,0x00000000eca00000)
 ParOldGen       total 68608K, used 24754K [0x00000000c0000000, 0x00000000c4300000, 0x00000000eab00000)
  object space 68608K, 36% used [0x00000000c0000000,0x00000000c182cb30,0x00000000c4300000)
 Metaspace       used 39166K, capacity 41001K, committed 41216K, reserved 1085440K
  class space    used 3618K, capacity 4261K, committed 4352K, reserved 1048576K
GC Heap History (20 events):
Event: 0.557 GC heap before
{Heap before GC invocations=3 (full 1):
 PSYoungGen      total 29696K, used 4075K [0x00000000eab00000, 0x00000000ecc00000, 0x0000000100000000)
  eden space 25600K, 0% used [0x00000000eab00000,0x00000000eab00000,0x00000000ec400000)
  from space 4096K, 99% used [0x00000000ec800000,0x00000000ecbfade0,0x00000000ecc00000)
  to   space 4096K, 0% used [0x00000000ec400000,0x00000000ec400000,0x00000000ec800000)
 ParOldGen       total 68608K, used 1930K [0x00000000c0000000, 0x00000000c4300000, 0x00000000eab00000)
  object space 68608K, 2% used [0x00000000c0000000,0x00000000c01e29d8,0x00000000c4300000)
 Metaspace       used 20205K, capacity 21204K, committed 21248K, reserved 1069056K
  class space    used 1906K, capacity 2263K, committed 2304K, reserved 1048576K
}
Event: 0.570 GC heap after
{Heap after GC invocations=3 (full 1):
 PSYoungGen      total 29696K, used 0K [0x00000000eab00000, 0x00000000ecc00000, 0x0000000100000000)
  eden space 25600K, 0% used [0x00000000eab00000,0x00000000eab00000,0x00000000ec400000)
  from space 4096K, 0% used [0x00000000ec800000,0x00000000ec800000,0x00000000ecc00000)
  to   space 4096K, 0% used [0x00000000ec400000,0x00000000ec400000,0x00000000ec800000)
 ParOldGen       total 68608K, used 5942K [0x00000000c0000000, 0x00000000c4300000, 0x00000000eab00000)
  object space 68608K, 8% used [0x00000000c0000000,0x00000000c05cd978,0x00000000c4300000)
 Metaspace       used 20205K, capacity 21204K, committed 21248K, reserved 1069056K
  class space    used 1906K, capacity 2263K, committed 2304K, reserved 1048576K
}
Event: 1.273 GC heap before
{Heap before GC invocations=4 (full 1):
 PSYoungGen      total 29696K, used 25600K [0x00000000eab00000, 0x00000000ecc00000, 0x0000000100000000)
  eden space 25600K, 100% used [0x00000000eab00000,0x00000000ec400000,0x00000000ec400000)
  from space 4096K, 0% used [0x00000000ec800000,0x00000000ec800000,0x00000000ecc00000)
  to   space 4096K, 0% used [0x00000000ec400000,0x00000000ec400000,0x00000000ec800000)
 ParOldGen       total 68608K, used 5942K [0x00000000c0000000, 0x00000000c4300000, 0x00000000eab00000)
  object space 68608K, 8% used [0x00000000c0000000,0x00000000c05cd978,0x00000000c4300000)
 Metaspace       used 26874K, capacity 28507K, committed 28800K, reserved 1075200K
  class space    used 2535K, capacity 3130K, committed 3200K, reserved 1048576K
}
Event: 1.274 GC heap after
{Heap after GC invocations=4 (full 1):
 PSYoungGen      total 29696K, used 2741K [0x00000000eab00000, 0x00000000ecc00000, 0x0000000100000000)
  eden space 25600K, 0% used [0x00000000eab00000,0x00000000eab00000,0x00000000ec400000)
  from space 4096K, 66% used [0x00000000ec400000,0x00000000ec6ad628,0x00000000ec800000)
  to   space 4096K, 0% used [0x00000000ec800000,0x00000000ec800000,0x00000000ecc00000)
 ParOldGen       total 68608K, used 5958K [0x00000000c0000000, 0x00000000c4300000, 0x00000000eab00000)
  object space 68608K, 8% used [0x00000000c0000000,0x00000000c05d1990,0x00000000c4300000)
 Metaspace       used 26874K, capacity 28507K, committed 28800K, reserved 1075200K
  class space    used 2535K, capacity 3130K, committed 3200K, reserved 1048576K
}
Event: 1.449 GC heap before
{Heap before GC invocations=5 (full 1):
 PSYoungGen      total 29696K, used 28341K [0x00000000eab00000, 0x00000000ecc00000, 0x0000000100000000)
  eden space 25600K, 100% used [0x00000000eab00000,0x00000000ec400000,0x00000000ec400000)
  from space 4096K, 66% used [0x00000000ec400000,0x00000000ec6ad628,0x00000000ec800000)
  to   space 4096K, 0% used [0x00000000ec800000,0x00000000ec800000,0x00000000ecc00000)
 ParOldGen       total 68608K, used 5958K [0x00000000c0000000, 0x00000000c4300000, 0x00000000eab00000)
  object space 68608K, 8% used [0x00000000c0000000,0x00000000c05d1990,0x00000000c4300000)
 Metaspace       used 30932K, capacity 32768K, committed 32896K, reserved 1079296K
  class space    used 2954K, capacity 3587K, committed 3712K, reserved 1048576K
}
Event: 1.451 GC heap after
{Heap after GC invocations=5 (full 1):
 PSYoungGen      total 29696K, used 4070K [0x00000000eab00000, 0x00000000ecc00000, 0x0000000100000000)
  eden space 25600K, 0% used [0x00000000eab00000,0x00000000eab00000,0x00000000ec400000)
  from space 4096K, 99% used [0x00000000ec800000,0x00000000ecbf9a68,0x00000000ecc00000)
  to   space 4096K, 0% used [0x00000000ec400000,0x00000000ec400000,0x00000000ec800000)
 ParOldGen       total 68608K, used 7005K [0x00000000c0000000, 0x00000000c4300000, 0x00000000eab00000)
  object space 68608K, 10% used [0x00000000c0000000,0x00000000c06d75c0,0x00000000c4300000)
 Metaspace       used 30932K, capacity 32768K, committed 32896K, reserved 1079296K
  class space    used 2954K, capacity 3587K, committed 3712K, reserved 1048576K
}
Event: 1.510 GC heap before
{Heap before GC invocations=6 (full 1):
 PSYoungGen      total 29696K, used 29670K [0x00000000eab00000, 0x00000000ecc00000, 0x0000000100000000)
  eden space 25600K, 100% used [0x00000000eab00000,0x00000000ec400000,0x00000000ec400000)
  from space 4096K, 99% used [0x00000000ec800000,0x00000000ecbf9a68,0x00000000ecc00000)
  to   space 4096K, 0% used [0x00000000ec400000,0x00000000ec400000,0x00000000ec800000)
 ParOldGen       total 68608K, used 7005K [0x00000000c0000000, 0x00000000c4300000, 0x00000000eab00000)
  object space 68608K, 10% used [0x00000000c0000000,0x00000000c06d75c0,0x00000000c4300000)
 Metaspace       used 31035K, capacity 32833K, committed 33152K, reserved 1079296K
  class space    used 2958K, capacity 3587K, committed 3712K, reserved 1048576K
}
Event: 1.514 GC heap after
{Heap after GC invocations=6 (full 1):
 PSYoungGen      total 29184K, used 4076K [0x00000000eab00000, 0x00000000ed180000, 0x0000000100000000)
  eden space 25088K, 0% used [0x00000000eab00000,0x00000000eab00000,0x00000000ec380000)
  from space 4096K, 99% used [0x00000000ec400000,0x00000000ec7fb008,0x00000000ec800000)
  to   space 7168K, 0% used [0x00000000eca80000,0x00000000eca80000,0x00000000ed180000)
 ParOldGen       total 68608K, used 9350K [0x00000000c0000000, 0x00000000c4300000, 0x00000000eab00000)
  object space 68608K, 13% used [0x00000000c0000000,0x00000000c09219b8,0x00000000c4300000)
 Metaspace       used 31035K, capacity 32833K, committed 33152K, reserved 1079296K
  class space    used 2958K, capacity 3587K, committed 3712K, reserved 1048576K
}
Event: 1.567 GC heap before
{Heap before GC invocations=7 (full 1):
 PSYoungGen      total 29184K, used 29164K [0x00000000eab00000, 0x00000000ed180000, 0x0000000100000000)
  eden space 25088K, 100% used [0x00000000eab00000,0x00000000ec380000,0x00000000ec380000)
  from space 4096K, 99% used [0x00000000ec400000,0x00000000ec7fb008,0x00000000ec800000)
  to   space 7168K, 0% used [0x00000000eca80000,0x00000000eca80000,0x00000000ed180000)
 ParOldGen       total 68608K, used 9350K [0x00000000c0000000, 0x00000000c4300000, 0x00000000eab00000)
  object space 68608K, 13% used [0x00000000c0000000,0x00000000c09219b8,0x00000000c4300000)
 Metaspace       used 31122K, capacity 32929K, committed 33152K, reserved 1079296K
  class space    used 2962K, capacity 3619K, committed 3712K, reserved 1048576K
}
Event: 1.570 GC heap after
{Heap after GC invocations=7 (full 1):
 PSYoungGen      total 31232K, used 6553K [0x00000000eab00000, 0x00000000ed100000, 0x0000000100000000)
  eden space 24576K, 0% used [0x00000000eab00000,0x00000000eab00000,0x00000000ec300000)
  from space 6656K, 98% used [0x00000000eca80000,0x00000000ed0e6400,0x00000000ed100000)
  to   space 6656K, 0% used [0x00000000ec400000,0x00000000ec400000,0x00000000eca80000)
 ParOldGen       total 68608K, used 9350K [0x00000000c0000000, 0x00000000c4300000, 0x00000000eab00000)
  object space 68608K, 13% used [0x00000000c0000000,0x00000000c09219b8,0x00000000c4300000)
 Metaspace       used 31122K, capacity 32929K, committed 33152K, reserved 1079296K
  class space    used 2962K, capacity 3619K, committed 3712K, reserved 1048576K
}
Event: 1.610 GC heap before
{Heap before GC invocations=8 (full 1):
 PSYoungGen      total 31232K, used 31129K [0x00000000eab00000, 0x00000000ed100000, 0x0000000100000000)
  eden space 24576K, 100% used [0x00000000eab00000,0x00000000ec300000,0x00000000ec300000)
  from space 6656K, 98% used [0x00000000eca80000,0x00000000ed0e6400,0x00000000ed100000)
  to   space 6656K, 0% used [0x00000000ec400000,0x00000000ec400000,0x00000000eca80000)
 ParOldGen       total 68608K, used 9350K [0x00000000c0000000, 0x00000000c4300000, 0x00000000eab00000)
  object space 68608K, 13% used [0x00000000c0000000,0x00000000c09219b8,0x00000000c4300000)
 Metaspace       used 31142K, capacity 32993K, committed 33152K, reserved 1079296K
  class space    used 2965K, capacity 3619K, committed 3712K, reserved 1048576K
}
Event: 1.613 GC heap after
{Heap after GC invocations=8 (full 1):
 PSYoungGen      total 30720K, used 6639K [0x00000000eab00000, 0x00000000ed580000, 0x0000000100000000)
  eden space 24064K, 0% used [0x00000000eab00000,0x00000000eab00000,0x00000000ec280000)
  from space 6656K, 99% used [0x00000000ec400000,0x00000000eca7bfe0,0x00000000eca80000)
  to   space 9728K, 0% used [0x00000000ecc00000,0x00000000ecc00000,0x00000000ed580000)
 ParOldGen       total 68608K, used 11946K [0x00000000c0000000, 0x00000000c4300000, 0x00000000eab00000)
  object space 68608K, 17% used [0x00000000c0000000,0x00000000c0baa870,0x00000000c4300000)
 Metaspace       used 31142K, capacity 32993K, committed 33152K, reserved 1079296K
  class space    used 2965K, capacity 3619K, committed 3712K, reserved 1048576K
}
Event: 1.637 GC heap before
{Heap before GC invocations=9 (full 1):
 PSYoungGen      total 30720K, used 30703K [0x00000000eab00000, 0x00000000ed580000, 0x0000000100000000)
  eden space 24064K, 100% used [0x00000000eab00000,0x00000000ec280000,0x00000000ec280000)
  from space 6656K, 99% used [0x00000000ec400000,0x00000000eca7bfe0,0x00000000eca80000)
  to   space 9728K, 0% used [0x00000000ecc00000,0x00000000ecc00000,0x00000000ed580000)
 ParOldGen       total 68608K, used 11946K [0x00000000c0000000, 0x00000000c4300000, 0x00000000eab00000)
  object space 68608K, 17% used [0x00000000c0000000,0x00000000c0baa870,0x00000000c4300000)
 Metaspace       used 31142K, capacity 32993K, committed 33152K, reserved 1079296K
  class space    used 2965K, capacity 3619K, committed 3712K, reserved 1048576K
}
Event: 1.642 GC heap after
{Heap after GC invocations=9 (full 1):
 PSYoungGen      total 31232K, used 7474K [0x00000000eab00000, 0x00000000ed380000, 0x0000000100000000)
  eden space 23552K, 0% used [0x00000000eab00000,0x00000000eab00000,0x00000000ec200000)
  from space 7680K, 97% used [0x00000000ecc00000,0x00000000ed34cb28,0x00000000ed380000)
  to   space 8192K, 0% used [0x00000000ec380000,0x00000000ec380000,0x00000000ecb80000)
 ParOldGen       total 68608K, used 13969K [0x00000000c0000000, 0x00000000c4300000, 0x00000000eab00000)
  object space 68608K, 20% used [0x00000000c0000000,0x00000000c0da44c0,0x00000000c4300000)
 Metaspace       used 31142K, capacity 32993K, committed 33152K, reserved 1079296K
  class space    used 2965K, capacity 3619K, committed 3712K, reserved 1048576K
}
Event: 1.684 GC heap before
{Heap before GC invocations=10 (full 1):
 PSYoungGen      total 31232K, used 31026K [0x00000000eab00000, 0x00000000ed380000, 0x0000000100000000)
  eden space 23552K, 100% used [0x00000000eab00000,0x00000000ec200000,0x00000000ec200000)
  from space 7680K, 97% used [0x00000000ecc00000,0x00000000ed34cb28,0x00000000ed380000)
  to   space 8192K, 0% used [0x00000000ec380000,0x00000000ec380000,0x00000000ecb80000)
 ParOldGen       total 68608K, used 13969K [0x00000000c0000000, 0x00000000c4300000, 0x00000000eab00000)
  object space 68608K, 20% used [0x00000000c0000000,0x00000000c0da44c0,0x00000000c4300000)
 Metaspace       used 31345K, capacity 33173K, committed 33408K, reserved 1079296K
  class space    used 2980K, capacity 3657K, committed 3712K, reserved 1048576K
}
Event: 1.688 GC heap after
{Heap after GC invocations=10 (full 1):
 PSYoungGen      total 30720K, used 7620K [0x00000000eab00000, 0x00000000ed080000, 0x0000000100000000)
  eden space 23040K, 0% used [0x00000000eab00000,0x00000000eab00000,0x00000000ec180000)
  from space 7680K, 99% used [0x00000000ec380000,0x00000000ecaf13e0,0x00000000ecb00000)
  to   space 5632K, 0% used [0x00000000ecb00000,0x00000000ecb00000,0x00000000ed080000)
 ParOldGen       total 68608K, used 17123K [0x00000000c0000000, 0x00000000c4300000, 0x00000000eab00000)
  object space 68608K, 24% used [0x00000000c0000000,0x00000000c10b8fd8,0x00000000c4300000)
 Metaspace       used 31345K, capacity 33173K, committed 33408K, reserved 1079296K
  class space    used 2980K, capacity 3657K, committed 3712K, reserved 1048576K
}
Event: 8.430 GC heap before
{Heap before GC invocations=11 (full 1):
 PSYoungGen      total 30720K, used 13880K [0x00000000eab00000, 0x00000000ed080000, 0x0000000100000000)
  eden space 23040K, 27% used [0x00000000eab00000,0x00000000eb11cd60,0x00000000ec180000)
  from space 7680K, 99% used [0x00000000ec380000,0x00000000ecaf13e0,0x00000000ecb00000)
  to   space 5632K, 0% used [0x00000000ecb00000,0x00000000ecb00000,0x00000000ed080000)
 ParOldGen       total 68608K, used 17123K [0x00000000c0000000, 0x00000000c4300000, 0x00000000eab00000)
  object space 68608K, 24% used [0x00000000c0000000,0x00000000c10b8fd8,0x00000000c4300000)
 Metaspace       used 33309K, capacity 35229K, committed 35328K, reserved 1081344K
  class space    used 3131K, capacity 3788K, committed 3840K, reserved 1048576K
}
Event: 8.432 GC heap after
{Heap after GC invocations=11 (full 1):
 PSYoungGen      total 27648K, used 4166K [0x00000000eab00000, 0x00000000ecf80000, 0x0000000100000000)
  eden space 23040K, 0% used [0x00000000eab00000,0x00000000eab00000,0x00000000ec180000)
  from space 4608K, 90% used [0x00000000ecb00000,0x00000000ecf11bc0,0x00000000ecf80000)
  to   space 5632K, 0% used [0x00000000ec480000,0x00000000ec480000,0x00000000eca00000)
 ParOldGen       total 68608K, used 21319K [0x00000000c0000000, 0x00000000c4300000, 0x00000000eab00000)
  object space 68608K, 31% used [0x00000000c0000000,0x00000000c14d1db0,0x00000000c4300000)
 Metaspace       used 33309K, capacity 35229K, committed 35328K, reserved 1081344K
  class space    used 3131K, capacity 3788K, committed 3840K, reserved 1048576K
}
Event: 8.432 GC heap before
{Heap before GC invocations=12 (full 2):
 PSYoungGen      total 27648K, used 4166K [0x00000000eab00000, 0x00000000ecf80000, 0x0000000100000000)
  eden space 23040K, 0% used [0x00000000eab00000,0x00000000eab00000,0x00000000ec180000)
  from space 4608K, 90% used [0x00000000ecb00000,0x00000000ecf11bc0,0x00000000ecf80000)
  to   space 5632K, 0% used [0x00000000ec480000,0x00000000ec480000,0x00000000eca00000)
 ParOldGen       total 68608K, used 21319K [0x00000000c0000000, 0x00000000c4300000, 0x00000000eab00000)
  object space 68608K, 31% used [0x00000000c0000000,0x00000000c14d1db0,0x00000000c4300000)
 Metaspace       used 33309K, capacity 35229K, committed 35328K, reserved 1081344K
  class space    used 3131K, capacity 3788K, committed 3840K, reserved 1048576K
}
Event: 8.504 GC heap after
{Heap after GC invocations=12 (full 2):
 PSYoungGen      total 27648K, used 0K [0x00000000eab00000, 0x00000000ecf80000, 0x0000000100000000)
  eden space 23040K, 0% used [0x00000000eab00000,0x00000000eab00000,0x00000000ec180000)
  from space 4608K, 0% used [0x00000000ecb00000,0x00000000ecb00000,0x00000000ecf80000)
  to   space 5632K, 0% used [0x00000000ec480000,0x00000000ec480000,0x00000000eca00000)
 ParOldGen       total 68608K, used 24754K [0x00000000c0000000, 0x00000000c4300000, 0x00000000eab00000)
  object space 68608K, 36% used [0x00000000c0000000,0x00000000c182cb30,0x00000000c4300000)
 Metaspace       used 33309K, capacity 35229K, committed 35328K, reserved 1081344K
  class space    used 3131K, capacity 3788K, committed 3840K, reserved 1048576K
}

